-------------------------------------------------------------------------------
Test set: As a user I should be able to login with valid credentials
-------------------------------------------------------------------------------
Tests run: 4, Failures: 2, Errors: 0, Skipped: 0, Time elapsed: 55.072 s <<< FAILURE! - in As a user I should be able to login with valid credentials
Try to login with invalid credentials(As a user I should be able to login with valid credentials)  Time elapsed: 19.7 s  <<< FAILURE!
java.lang.AssertionError: expected:<Please fill out this field.> but was:<Proxy element for: DefaultElementLocator 'By.xpath: //div[@class='toast-message']'>

Try to login with invalid credentials(As a user I should be able to login with valid credentials)  Time elapsed: 19.578 s  <<< FAILURE!
java.lang.AssertionError: expected:<Please fill out this field.> but was:<Proxy element for: DefaultElementLocator 'By.xpath: //div[@class='toast-message']'>

